Arguments: 
  /usr/local/Cellar/node/9.7.1/bin/node /usr/local/Cellar/yarn/1.5.1/libexec/bin/yarn.js i

PATH: 
  /Users/sprintr/.rbenv/shims:/usr/local/bin:/usr/bin:/bin:/usr/sbin:/sbin:/Users/sprintr/.rvm/bin:/Users/sprintr/.rvm/bin

Yarn version: 
  1.5.1

Node version: 
  9.7.1

Platform: 
  darwin x64

npm manifest: 
  {
    "name": "react-social-icons",
    "version": "2.9.0",
    "description": "beautiful, easy svg social icons in react",
    "main": "./lib/react-social-icons.js",
    "scripts": {
      "start": "./scripts/dev-examples.sh",
      "test": "karma start",
      "test-dev": "karma start --auto-watch --no-single-run",
      "prepublish": "NODE_ENV=production babel -d ./lib ./src",
      "publish": "./scripts/release.sh"
    },
    "author": "jaketrent",
    "license": "MIT",
    "contributors": [
      "Vitaly Aminev <v@makeomatic.ru>"
    ],
    "repository": {
      "type": "git",
      "url": "https://github.com/jaketrent/react-social-icons"
    },
    "devDependencies": {
      "babel-cli": "^6.11.4",
      "babel-eslint": "^6.1.2",
      "babel-loader": "^6.2.4",
      "babel-plugin-transform-runtime": "^6.12.0",
      "babel-preset-es2015": "^6.9.0",
      "babel-preset-es2015-loose": "^7.0.0",
      "babel-preset-react": "^6.11.1",
      "babel-preset-react-optimize": "^1.0.1",
      "babel-preset-stage-0": "^6.5.0",
      "chai": "^3.5.0",
      "enzyme": "^2.4.1",
      "eslint": "^3.1.1",
      "eslint-config-airbnb": "^9.0.1",
      "eslint-plugin-import": "^1.12.0",
      "eslint-plugin-jsx-a11y": "^2.0.1",
      "eslint-plugin-react": "^5.2.2",
      "json": "^9.0.4",
      "json-loader": "^0.5.4",
      "karma": "^1.1.2",
      "karma-chai": "^0.1.0",
      "karma-chrome-launcher": "^1.0.1",
      "karma-cli": "^1.0.1",
      "karma-mocha": "^1.1.1",
      "karma-sourcemap-loader": "^0.3.7",
      "karma-webpack": "^1.7.0",
      "lodash": "^4.14.0",
      "mocha": "^2.5.3",
      "react": "^16.2.0",
      "react-addons-test-utils": "^15.2.1",
      "react-dom": "^16.2.0",
      "should": "^10.0.0",
      "webpack": "^1.13.1",
      "webpack-dev-middleware": "^1.0.11",
      "webpack-dev-server": "^1.7.0"
    },
    "dependencies": {
      "babel-runtime": "^6.11.6",
      "classnames": "^2.2.5"
    },
    "peerDependencies": {
      "react": "15.x.x || 16.x.x"
    }
  }

yarn manifest: 
  No manifest

Lockfile: 
  No lockfile

Trace: 
  Error: Command "i" not found.
      at new MessageError (/usr/local/Cellar/yarn/1.5.1/libexec/lib/cli.js:186:110)
      at /usr/local/Cellar/yarn/1.5.1/libexec/lib/cli.js:87307:17
      at Generator.next (<anonymous>)
      at step (/usr/local/Cellar/yarn/1.5.1/libexec/lib/cli.js:98:30)
      at /usr/local/Cellar/yarn/1.5.1/libexec/lib/cli.js:116:14
      at new Promise (<anonymous>)
      at new F (/usr/local/Cellar/yarn/1.5.1/libexec/lib/cli.js:23451:28)
      at /usr/local/Cellar/yarn/1.5.1/libexec/lib/cli.js:95:12
      at runCommand (/usr/local/Cellar/yarn/1.5.1/libexec/lib/cli.js:87312:22)
      at Object.<anonymous> (/usr/local/Cellar/yarn/1.5.1/libexec/lib/cli.js:87412:14)
